<?xml version="1.0" encoding="UTF-8"?>
<!-- Generated by org.testng.reporters.JUnitReportReporter -->
<testsuite skipped="0" hostname="LAPTOP-8PV5OBQH" name="tests.smarttv" tests="1" failures="0" timestamp="2022-01-28T15:33:30 IST" time="21.780" errors="0">
  <testcase name="smarttv" time="21.780" classname="tests.smarttv"/>
  <system-out/>
</testsuite> <!-- tests.smarttv -->
